<?xml version="1.0" encoding="UTF-8"?>
<testng-results skipped="0" failed="0" ignored="0" total="1" passed="1">
  <reporter-output>
  </reporter-output>
  <suite name="Default suite" duration-ms="51937" started-at="2018-07-27T13:21:53Z" finished-at="2018-07-27T13:22:44Z">
    <groups>
    </groups>
    <test name="Default test" duration-ms="51937" started-at="2018-07-27T13:21:53Z" finished-at="2018-07-27T13:22:44Z">
      <class name="com.gmail.testscripts.TC_1">
        <test-method status="PASS" signature="LaunchBrowser()[pri:0, instance:com.gmail.testscripts.TC_1@146ba0ac]" name="LaunchBrowser" is-config="true" duration-ms="9672" started-at="2018-07-27T13:21:53Z" finished-at="2018-07-27T13:22:02Z">
          <reporter-output>
          </reporter-output>
        </test-method> <!-- LaunchBrowser -->
        <test-method status="PASS" signature="logInGmail()[pri:0, instance:com.gmail.testscripts.TC_1@146ba0ac]" name="logInGmail" duration-ms="41173" started-at="2018-07-27T13:22:02Z" finished-at="2018-07-27T13:22:43Z">
          <reporter-output>
          </reporter-output>
        </test-method> <!-- logInGmail -->
        <test-method status="PASS" signature="closeBrowser(org.testng.ITestResult)[pri:0, instance:com.gmail.testscripts.TC_1@146ba0ac]" name="closeBrowser" is-config="true" duration-ms="1060" started-at="2018-07-27T13:22:43Z" finished-at="2018-07-27T13:22:44Z">
          <params>
            <param index="0">
              <value>
                <![CDATA[[TestResult name=logInGmail status=SUCCESS method=TC_1.logInGmail()[pri:0, instance:com.gmail.testscripts.TC_1@146ba0ac] output={null}]]]>
              </value>
            </param>
          </params>
          <reporter-output>
          </reporter-output>
        </test-method> <!-- closeBrowser -->
      </class> <!-- com.gmail.testscripts.TC_1 -->
    </test> <!-- Default test -->
  </suite> <!-- Default suite -->
</testng-results>
